<?xml version="1.0" encoding="UTF-8"?>
<testsuite xmlns:xsi="http://www.w3.org/2001/XMLSchema-instance" xsi:noNamespaceSchemaLocation="https://maven.apache.org/surefire/maven-surefire-plugin/xsd/surefire-test-report.xsd" name="BinaryTreeTest" time="0.194" tests="23" errors="0" skipped="0" failures="0">
  <properties>
    <property name="java.specification.version" value="17"/>
    <property name="sun.jnu.encoding" value="UTF-8"/>
    <property name="java.class.path" value="/Users/ricardogonzalez/git_repo/binaryExample/BinaryTreeProject/target/test-classes:/Users/ricardogonzalez/git_repo/binaryExample/BinaryTreeProject/target/classes:/Users/ricardogonzalez/.m2/repository/org/junit/jupiter/junit-jupiter-engine/5.8.2/junit-jupiter-engine-5.8.2.jar:/Users/ricardogonzalez/.m2/repository/org/junit/platform/junit-platform-engine/1.8.2/junit-platform-engine-1.8.2.jar:/Users/ricardogonzalez/.m2/repository/org/opentest4j/opentest4j/1.2.0/opentest4j-1.2.0.jar:/Users/ricardogonzalez/.m2/repository/org/junit/platform/junit-platform-commons/1.8.2/junit-platform-commons-1.8.2.jar:/Users/ricardogonzalez/.m2/repository/org/junit/jupiter/junit-jupiter-api/5.8.2/junit-jupiter-api-5.8.2.jar:/Users/ricardogonzalez/.m2/repository/org/apiguardian/apiguardian-api/1.1.2/apiguardian-api-1.1.2.jar:"/>
    <property name="java.vm.vendor" value="Oracle Corporation"/>
    <property name="sun.arch.data.model" value="64"/>
    <property name="java.vendor.url" value="https://java.oracle.com/"/>
    <property name="os.name" value="Mac OS X"/>
    <property name="java.vm.specification.version" value="17"/>
    <property name="sun.java.launcher" value="SUN_STANDARD"/>
    <property name="user.country" value="419"/>
    <property name="sun.boot.library.path" value="/Users/ricardogonzalez/Library/Java/JavaVirtualMachines/openjdk-17.0.2/Contents/Home/lib"/>
    <property name="sun.java.command" value="/Users/ricardogonzalez/git_repo/binaryExample/BinaryTreeProject/target/surefire/surefirebooter6343852222012479585.jar /Users/ricardogonzalez/git_repo/binaryExample/BinaryTreeProject/target/surefire 2022-06-08T15-44-30_385-jvmRun1 surefire14311469198835311966tmp surefire_05865721078123143387tmp"/>
    <property name="http.nonProxyHosts" value="local|*.local|169.254/16|*.169.254/16"/>
    <property name="jdk.debug" value="release"/>
    <property name="surefire.test.class.path" value="/Users/ricardogonzalez/git_repo/binaryExample/BinaryTreeProject/target/test-classes:/Users/ricardogonzalez/git_repo/binaryExample/BinaryTreeProject/target/classes:/Users/ricardogonzalez/.m2/repository/org/junit/jupiter/junit-jupiter-engine/5.8.2/junit-jupiter-engine-5.8.2.jar:/Users/ricardogonzalez/.m2/repository/org/junit/platform/junit-platform-engine/1.8.2/junit-platform-engine-1.8.2.jar:/Users/ricardogonzalez/.m2/repository/org/opentest4j/opentest4j/1.2.0/opentest4j-1.2.0.jar:/Users/ricardogonzalez/.m2/repository/org/junit/platform/junit-platform-commons/1.8.2/junit-platform-commons-1.8.2.jar:/Users/ricardogonzalez/.m2/repository/org/junit/jupiter/junit-jupiter-api/5.8.2/junit-jupiter-api-5.8.2.jar:/Users/ricardogonzalez/.m2/repository/org/apiguardian/apiguardian-api/1.1.2/apiguardian-api-1.1.2.jar:"/>
    <property name="sun.cpu.endian" value="little"/>
    <property name="user.home" value="/Users/ricardogonzalez"/>
    <property name="user.language" value="es"/>
    <property name="java.specification.vendor" value="Oracle Corporation"/>
    <property name="java.version.date" value="2022-01-18"/>
    <property name="java.home" value="/Users/ricardogonzalez/Library/Java/JavaVirtualMachines/openjdk-17.0.2/Contents/Home"/>
    <property name="file.separator" value="/"/>
    <property name="basedir" value="/Users/ricardogonzalez/git_repo/binaryExample/BinaryTreeProject"/>
    <property name="java.vm.compressedOopsMode" value="Zero based"/>
    <property name="line.separator" value="&#10;"/>
    <property name="java.specification.name" value="Java Platform API Specification"/>
    <property name="java.vm.specification.vendor" value="Oracle Corporation"/>
    <property name="surefire.real.class.path" value="/Users/ricardogonzalez/git_repo/binaryExample/BinaryTreeProject/target/surefire/surefirebooter6343852222012479585.jar"/>
    <property name="sun.management.compiler" value="HotSpot 64-Bit Tiered Compilers"/>
    <property name="ftp.nonProxyHosts" value="local|*.local|169.254/16|*.169.254/16"/>
    <property name="java.runtime.version" value="17.0.2+8-86"/>
    <property name="user.name" value="ricardogonzalez"/>
    <property name="path.separator" value=":"/>
    <property name="os.version" value="12.4"/>
    <property name="java.runtime.name" value="OpenJDK Runtime Environment"/>
    <property name="file.encoding" value="US-ASCII"/>
    <property name="java.vm.name" value="OpenJDK 64-Bit Server VM"/>
    <property name="localRepository" value="/Users/ricardogonzalez/.m2/repository"/>
    <property name="java.vendor.url.bug" value="https://bugreport.java.com/bugreport/"/>
    <property name="java.io.tmpdir" value="/var/folders/v2/rtf7gwps3qg7b9gf75jrx3ch0000gn/T/"/>
    <property name="idea.version" value="2021.3.2"/>
    <property name="java.version" value="17.0.2"/>
    <property name="user.dir" value="/Users/ricardogonzalez/git_repo/binaryExample/BinaryTreeProject"/>
    <property name="os.arch" value="x86_64"/>
    <property name="java.vm.specification.name" value="Java Virtual Machine Specification"/>
    <property name="native.encoding" value="US-ASCII"/>
    <property name="java.library.path" value="/Users/ricardogonzalez/Library/Java/Extensions:/Library/Java/Extensions:/Network/Library/Java/Extensions:/System/Library/Java/Extensions:/usr/lib/java:."/>
    <property name="java.vm.info" value="mixed mode, sharing"/>
    <property name="java.vendor" value="Oracle Corporation"/>
    <property name="java.vm.version" value="17.0.2+8-86"/>
    <property name="sun.io.unicode.encoding" value="UnicodeBig"/>
    <property name="socksNonProxyHosts" value="local|*.local|169.254/16|*.169.254/16"/>
    <property name="java.class.version" value="61.0"/>
  </properties>
  <testcase name="testGetLeftChildPostcondition" classname="BinaryTreeTest" time="0.045"/>
  <testcase name="testLeavesPostcondition" classname="BinaryTreeTest" time="0.004"/>
  <testcase name="testConstructorPostcondition" classname="BinaryTreeTest" time="0"/>
  <testcase name="testHeightPostcondition" classname="BinaryTreeTest" time="0.002"/>
  <testcase name="testGetLeftChildPrecondition" classname="BinaryTreeTest" time="0.005"/>
  <testcase name="testPreOrderItPostcondition" classname="BinaryTreeTest" time="0.015"/>
  <testcase name="testDeepCopyPostcondition" classname="BinaryTreeTest" time="0.052"/>
  <testcase name="testMakeEmptyPostcondition" classname="BinaryTreeTest" time="0.001"/>
  <testcase name="testIsEmptyPostcondition" classname="BinaryTreeTest" time="0.002"/>
  <testcase name="testPostOrderItPostcondition" classname="BinaryTreeTest" time="0.002"/>
  <testcase name="testDefaultConstructorEnsuresTreeIsEmpty" classname="BinaryTreeTest" time="0.001"/>
  <testcase name="testIsBalancedTrue" classname="BinaryTreeTest" time="0.002"/>
  <testcase name="testInOrderItPostcondition" classname="BinaryTreeTest" time="0.001"/>
  <testcase name="testGetRightChildPostcondition" classname="BinaryTreeTest" time="0.001"/>
  <testcase name="testGetRightChildPrecondition" classname="BinaryTreeTest" time="0.002"/>
  <testcase name="testConstructorPrecondition" classname="BinaryTreeTest" time="0.003"/>
  <testcase name="testGetRootPostcondition" classname="BinaryTreeTest" time="0.001"/>
  <testcase name="testLevelOrderPostcondition" classname="BinaryTreeTest" time="0.002"/>
  <testcase name="testPostOrderRecPostcondition" classname="BinaryTreeTest" time="0.001"/>
  <testcase name="testInOrderRecPostcondition" classname="BinaryTreeTest" time="0.001"/>
  <testcase name="testSizePostcondition" classname="BinaryTreeTest" time="0.002"/>
  <testcase name="testPreOrderRecPostcondition" classname="BinaryTreeTest" time="0.003"/>
  <testcase name="testIsBalancedFalse" classname="BinaryTreeTest" time="0.001"/>
</testsuite>